<?xml version="1.0" encoding="UTF-8"?>
<!-- Generated by org.testng.reporters.JUnitReportReporter -->
<testsuite hostname="LAPTOP-UQUN4SJ5" failures="0" tests="3" name="testngsession.TestngAssertion" time="0.006" errors="0" timestamp="16 May 2022 09:24:20 GMT" skipped="0">
  <testcase classname="testngsession.TestngAssertion" name="homepageTitleTest" time="0.003"/>
  <testcase classname="testngsession.TestngAssertion" name="isUserLoggedIn" time="0.002"/>
  <testcase classname="testngsession.TestngAssertion" name="homepageURLTest" time="0.001"/>
</testsuite> <!-- testngsession.TestngAssertion -->
