<?xml version="1.0" encoding="UTF-8"?>
<!-- Generated by org.testng.reporters.JUnitReportReporter -->
<testsuite hostname="LAPTOP-UQUN4SJ5" failures="0" tests="5" name="mytest.DataProviderCocept" time="8.358" errors="0" timestamp="15 May 2022 12:07:22 GMT" skipped="0">
  <testcase classname="mytest.DataProviderCocept" name="loginTest" time="1.757"/>
  <testcase classname="mytest.DataProviderCocept" name="loginTest" time="1.573"/>
  <testcase classname="mytest.DataProviderCocept" name="loginTest" time="1.703"/>
  <testcase classname="mytest.DataProviderCocept" name="loginTest" time="1.585"/>
  <testcase classname="mytest.DataProviderCocept" name="loginTest" time="1.740"/>
</testsuite> <!-- mytest.DataProviderCocept -->
