<?xml version="1.0" encoding="UTF-8"?>
<!-- Generated by org.testng.reporters.JUnitReportReporter -->
<testsuite hostname="LAPTOP-UQUN4SJ5" failures="0" tests="3" name="testngsession.DependsonMethodConcept" time="0.009" errors="0" timestamp="16 May 2022 09:34:19 GMT" skipped="0">
  <testcase classname="testngsession.DependsonMethodConcept" name="searchTest" time="0.001"/>
  <testcase classname="testngsession.DependsonMethodConcept" name="homePageTest" time="0.007"/>
  <testcase classname="testngsession.DependsonMethodConcept" name="addToCartTest" time="0.001"/>
</testsuite> <!-- testngsession.DependsonMethodConcept -->
