<?xml version="1.0" encoding="UTF-8"?>
<!-- Generated by org.testng.reporters.JUnitReportReporter -->
<testsuite hostname="LAPTOP-UQUN4SJ5" failures="0" tests="5" name="testngsession.PriorityBasedTestCases" time="0.011" errors="0" timestamp="16 May 2022 09:32:10 GMT" skipped="0">
  <testcase classname="testngsession.PriorityBasedTestCases" name="eTest" time="0.008"/>
  <testcase classname="testngsession.PriorityBasedTestCases" name="bTest" time="0.000"/>
  <testcase classname="testngsession.PriorityBasedTestCases" name="aTest" time="0.001"/>
  <testcase classname="testngsession.PriorityBasedTestCases" name="cTest" time="0.001"/>
  <testcase classname="testngsession.PriorityBasedTestCases" name="dTest" time="0.001"/>
</testsuite> <!-- testngsession.PriorityBasedTestCases -->
