<?xml version="1.0" encoding="UTF-8"?>
<!-- Generated by org.testng.reporters.JUnitReportReporter -->
<testsuite hostname="LAPTOP-UQUN4SJ5" failures="0" tests="2" name="testngsession.ExpectedExceptionConcept" time="0.008" errors="0" timestamp="13 May 2022 09:34:14 GMT" skipped="0">
  <testcase classname="testngsession.ExpectedExceptionConcept" name="ExceptionTest1" time="0.007"/>
  <testcase classname="testngsession.ExpectedExceptionConcept" name="ExceptionTest" time="0.001"/>
</testsuite> <!-- testngsession.ExpectedExceptionConcept -->
