<?xml version="1.0" encoding="UTF-8"?>
<!-- Generated by org.testng.reporters.JUnitReportReporter -->
<testsuite hostname="LAPTOP-UQUN4SJ5" failures="0" tests="10" name="mytest.InvocationCount" time="0.014" errors="0" timestamp="13 May 2022 11:35:58 GMT" skipped="0">
  <testcase classname="mytest.InvocationCount" name="homePageTest" time="0.001"/>
  <testcase classname="mytest.InvocationCount" name="homePageTest" time="0.001"/>
  <testcase classname="mytest.InvocationCount" name="homePageTest" time="0.001"/>
  <testcase classname="mytest.InvocationCount" name="homePageTest" time="0.001"/>
  <testcase classname="mytest.InvocationCount" name="homePageTest" time="0.001"/>
  <testcase classname="mytest.InvocationCount" name="homePageTest" time="0.000"/>
  <testcase classname="mytest.InvocationCount" name="homePageTest" time="0.007"/>
  <testcase classname="mytest.InvocationCount" name="homePageTest" time="0.001"/>
  <testcase classname="mytest.InvocationCount" name="homePageTest" time="0.001"/>
  <testcase classname="mytest.InvocationCount" name="homePageTest" time="0.000"/>
</testsuite> <!-- mytest.InvocationCount -->
