<?xml version="1.0" encoding="UTF-8"?>
<!-- Generated by org.testng.reporters.JUnitReportReporter -->
<testsuite hostname="LAPTOP-UQUN4SJ5" failures="0" tests="2" name="mytest.OrangehrmTest" time="0.013" errors="0" timestamp="15 May 2022 13:10:46 GMT" skipped="0">
  <testcase classname="mytest.OrangehrmTest" name="titleTest" time="0.008"/>
  <testcase classname="mytest.OrangehrmTest" name="currentURLTest" time="0.005"/>
</testsuite> <!-- mytest.OrangehrmTest -->
